[0m10:04:36.653304 [debug] [MainThread]: Sending event: {'category': 'dbt', 'action': 'invocation', 'label': 'start', 'context': [<snowplow_tracker.self_describing_json.SelfDescribingJson object at 0x0000022A8018F4C0>, <snowplow_tracker.self_describing_json.SelfDescribingJson object at 0x0000022A82571BB0>, <snowplow_tracker.self_describing_json.SelfDescribingJson object at 0x0000022A82571F70>]}


============================== 10:04:36.660439 | 969df833-4499-4ad9-a57b-02d34abfcc4f ==============================
[0m10:04:36.660439 [info ] [MainThread]: Running with dbt=1.10.15
[0m10:04:36.661440 [debug] [MainThread]: running dbt with arguments {'static_parser': 'True', 'profiles_dir': 'C:\\Users\\lucas\\.dbt', 'log_format': 'default', 'indirect_selection': 'eager', 'use_experimental_parser': 'False', 'write_json': 'True', 'invocation_command': 'dbt init dbtv1', 'log_cache_events': 'False', 'introspect': 'True', 'printer_width': '80', 'quiet': 'False', 'send_anonymous_usage_stats': 'True', 'fail_fast': 'False', 'target_path': 'None', 'debug': 'False', 'log_path': 'logs', 'partial_parse': 'True', 'version_check': 'True', 'no_print': 'None', 'warn_error': 'None', 'empty': 'None', 'use_colors': 'True', 'cache_selected_only': 'False', 'warn_error_options': 'WarnErrorOptionsV2(error=[], warn=[], silence=[])'}
[0m10:04:36.710944 [info ] [MainThread]: Creating dbt configuration folder at C:\Users\lucas\.dbt
[0m10:04:36.721473 [debug] [MainThread]: Starter project path: C:\Users\lucas\.conda\envs\dbtv1\lib\site-packages\dbt\include\starter_project
[0m10:04:36.843457 [info ] [MainThread]: 
Your new dbt project "dbtv1" was created!

For more information on how to configure the profiles.yml file,
please consult the dbt documentation here:

  https://docs.getdbt.com/docs/configure-your-profile

One more thing:

Need help? Don't hesitate to reach out to us via GitHub issues or on Slack:

  https://community.getdbt.com/

Happy modeling!

[0m10:04:36.845471 [info ] [MainThread]: Setting up your profile.
[0m10:19:42.298755 [error] [MainThread]: Encountered an error:

[0m10:19:42.406256 [error] [MainThread]: Traceback (most recent call last):
  File "C:\Users\lucas\.conda\envs\dbtv1\lib\site-packages\dbt\cli\requires.py", line 178, in wrapper
    result, success = func(*args, **kwargs)
  File "C:\Users\lucas\.conda\envs\dbtv1\lib\site-packages\dbt\cli\requires.py", line 128, in wrapper
    return func(*args, **kwargs)
  File "C:\Users\lucas\.conda\envs\dbtv1\lib\site-packages\dbt\cli\main.py", line 483, in init
    results = task.run()
  File "C:\Users\lucas\.conda\envs\dbtv1\lib\site-packages\dbt\task\init.py", line 346, in run
    self.setup_profile(profile_name)
  File "C:\Users\lucas\.conda\envs\dbtv1\lib\site-packages\dbt\task\init.py", line 262, in setup_profile
    self.create_profile_from_target(adapter, profile_name=profile_name)
  File "C:\Users\lucas\.conda\envs\dbtv1\lib\site-packages\dbt\task\init.py", line 179, in create_profile_from_target
    self.create_profile_from_profile_template(profile_template, profile_name)
  File "C:\Users\lucas\.conda\envs\dbtv1\lib\site-packages\dbt\task\init.py", line 163, in create_profile_from_profile_template
    target = self.generate_target_from_input(prompts, initial_target)
  File "C:\Users\lucas\.conda\envs\dbtv1\lib\site-packages\dbt\task\init.py", line 129, in generate_target_from_input
    target[key] = click.prompt(
  File "C:\Users\lucas\.conda\envs\dbtv1\lib\site-packages\click\termui.py", line 164, in prompt
    value = prompt_func(prompt)
  File "C:\Users\lucas\.conda\envs\dbtv1\lib\site-packages\click\termui.py", line 147, in prompt_func
    raise Abort() from None
click.exceptions.Abort

[0m10:19:42.408455 [debug] [MainThread]: Command `dbt init` failed at 10:19:42.408455 after 905.91 seconds
[0m10:19:42.409456 [debug] [MainThread]: Sending event: {'category': 'dbt', 'action': 'invocation', 'label': 'end', 'context': [<snowplow_tracker.self_describing_json.SelfDescribingJson object at 0x0000022A8018F4C0>, <snowplow_tracker.self_describing_json.SelfDescribingJson object at 0x0000022A9B3C3C10>, <snowplow_tracker.self_describing_json.SelfDescribingJson object at 0x0000022A9B3C3C40>]}
[0m10:19:42.410458 [debug] [MainThread]: Flushing usage events
[0m10:19:43.844013 [debug] [MainThread]: An error was encountered while trying to flush usage events
[0m10:19:48.068755 [debug] [MainThread]: Sending event: {'category': 'dbt', 'action': 'invocation', 'label': 'start', 'context': [<snowplow_tracker.self_describing_json.SelfDescribingJson object at 0x000001B24593F520>, <snowplow_tracker.self_describing_json.SelfDescribingJson object at 0x000001B247BE1C40>, <snowplow_tracker.self_describing_json.SelfDescribingJson object at 0x000001B247BE1EE0>]}


============================== 10:19:48.073856 | 018d3fe4-2064-4d76-8164-b1caf418d521 ==============================
[0m10:19:48.073856 [info ] [MainThread]: Running with dbt=1.10.15
[0m10:19:48.074858 [debug] [MainThread]: running dbt with arguments {'log_format': 'default', 'profiles_dir': 'C:\\Users\\lucas\\.dbt', 'static_parser': 'True', 'printer_width': '80', 'use_experimental_parser': 'False', 'write_json': 'True', 'log_cache_events': 'False', 'indirect_selection': 'eager', 'introspect': 'True', 'invocation_command': 'dbt init dbtv1', 'quiet': 'False', 'target_path': 'None', 'fail_fast': 'False', 'send_anonymous_usage_stats': 'True', 'debug': 'False', 'log_path': 'logs', 'partial_parse': 'True', 'warn_error': 'None', 'no_print': 'None', 'version_check': 'True', 'empty': 'None', 'cache_selected_only': 'False', 'use_colors': 'True', 'warn_error_options': 'WarnErrorOptionsV2(error=[], warn=[], silence=[])'}
[0m10:19:48.097893 [info ] [MainThread]: A project called dbtv1 already exists here.
[0m10:19:48.099891 [debug] [MainThread]: Command `dbt init` succeeded at 10:19:48.098891 after 0.13 seconds
[0m10:19:48.100896 [debug] [MainThread]: Sending event: {'category': 'dbt', 'action': 'invocation', 'label': 'end', 'context': [<snowplow_tracker.self_describing_json.SelfDescribingJson object at 0x000001B24593F520>, <snowplow_tracker.self_describing_json.SelfDescribingJson object at 0x000001B247BE1640>, <snowplow_tracker.self_describing_json.SelfDescribingJson object at 0x000001B247BE14C0>]}
[0m10:19:48.101896 [debug] [MainThread]: Flushing usage events
[0m10:19:49.431097 [debug] [MainThread]: An error was encountered while trying to flush usage events
[0m10:20:24.992851 [debug] [MainThread]: Sending event: {'category': 'dbt', 'action': 'invocation', 'label': 'start', 'context': [<snowplow_tracker.self_describing_json.SelfDescribingJson object at 0x000001B9401EF550>, <snowplow_tracker.self_describing_json.SelfDescribingJson object at 0x000001B942491BE0>, <snowplow_tracker.self_describing_json.SelfDescribingJson object at 0x000001B942491F70>]}


============================== 10:20:24.997372 | 1f8c2a32-393b-43f2-824d-dab2a64a8138 ==============================
[0m10:20:24.997372 [info ] [MainThread]: Running with dbt=1.10.15
[0m10:20:24.998371 [debug] [MainThread]: running dbt with arguments {'log_format': 'default', 'profiles_dir': 'C:\\Users\\lucas\\.dbt', 'static_parser': 'True', 'indirect_selection': 'eager', 'printer_width': '80', 'write_json': 'True', 'log_cache_events': 'False', 'invocation_command': 'dbt init dbtv1', 'introspect': 'True', 'use_experimental_parser': 'False', 'quiet': 'False', 'target_path': 'None', 'fail_fast': 'False', 'send_anonymous_usage_stats': 'True', 'debug': 'False', 'log_path': 'logs', 'partial_parse': 'True', 'version_check': 'True', 'no_print': 'None', 'warn_error': 'None', 'empty': 'None', 'use_colors': 'True', 'cache_selected_only': 'False', 'warn_error_options': 'WarnErrorOptionsV2(error=[], warn=[], silence=[])'}
[0m10:20:25.026948 [debug] [MainThread]: Starter project path: C:\Users\lucas\.conda\envs\dbtv1\lib\site-packages\dbt\include\starter_project
[0m10:20:25.047722 [info ] [MainThread]: 
Your new dbt project "dbtv1" was created!

For more information on how to configure the profiles.yml file,
please consult the dbt documentation here:

  https://docs.getdbt.com/docs/configure-your-profile

One more thing:

Need help? Don't hesitate to reach out to us via GitHub issues or on Slack:

  https://community.getdbt.com/

Happy modeling!

[0m10:20:25.049723 [info ] [MainThread]: Setting up your profile.
[0m10:27:25.995703 [error] [MainThread]: Encountered an error:

[0m10:27:25.998720 [error] [MainThread]: Traceback (most recent call last):
  File "C:\Users\lucas\.conda\envs\dbtv1\lib\site-packages\dbt\cli\requires.py", line 178, in wrapper
    result, success = func(*args, **kwargs)
  File "C:\Users\lucas\.conda\envs\dbtv1\lib\site-packages\dbt\cli\requires.py", line 128, in wrapper
    return func(*args, **kwargs)
  File "C:\Users\lucas\.conda\envs\dbtv1\lib\site-packages\dbt\cli\main.py", line 483, in init
    results = task.run()
  File "C:\Users\lucas\.conda\envs\dbtv1\lib\site-packages\dbt\task\init.py", line 346, in run
    self.setup_profile(profile_name)
  File "C:\Users\lucas\.conda\envs\dbtv1\lib\site-packages\dbt\task\init.py", line 262, in setup_profile
    self.create_profile_from_target(adapter, profile_name=profile_name)
  File "C:\Users\lucas\.conda\envs\dbtv1\lib\site-packages\dbt\task\init.py", line 179, in create_profile_from_target
    self.create_profile_from_profile_template(profile_template, profile_name)
  File "C:\Users\lucas\.conda\envs\dbtv1\lib\site-packages\dbt\task\init.py", line 163, in create_profile_from_profile_template
    target = self.generate_target_from_input(prompts, initial_target)
  File "C:\Users\lucas\.conda\envs\dbtv1\lib\site-packages\dbt\task\init.py", line 129, in generate_target_from_input
    target[key] = click.prompt(
  File "C:\Users\lucas\.conda\envs\dbtv1\lib\site-packages\click\termui.py", line 164, in prompt
    value = prompt_func(prompt)
  File "C:\Users\lucas\.conda\envs\dbtv1\lib\site-packages\click\termui.py", line 147, in prompt_func
    raise Abort() from None
click.exceptions.Abort

[0m10:27:26.000701 [debug] [MainThread]: Command `dbt init` failed at 10:27:26.000701 after 421.11 seconds
[0m10:27:26.001754 [debug] [MainThread]: Sending event: {'category': 'dbt', 'action': 'invocation', 'label': 'end', 'context': [<snowplow_tracker.self_describing_json.SelfDescribingJson object at 0x000001B9401EF550>, <snowplow_tracker.self_describing_json.SelfDescribingJson object at 0x000001B942453430>, <snowplow_tracker.self_describing_json.SelfDescribingJson object at 0x000001B95B2EBA90>]}
[0m10:27:26.001754 [debug] [MainThread]: Flushing usage events
[0m10:27:27.199124 [debug] [MainThread]: An error was encountered while trying to flush usage events
[0m10:27:38.759936 [debug] [MainThread]: Sending event: {'category': 'dbt', 'action': 'invocation', 'label': 'start', 'context': [<snowplow_tracker.self_describing_json.SelfDescribingJson object at 0x000002736E81F4F0>, <snowplow_tracker.self_describing_json.SelfDescribingJson object at 0x0000027370AC1BE0>, <snowplow_tracker.self_describing_json.SelfDescribingJson object at 0x0000027370AC1F10>]}


============================== 10:27:38.764533 | 895e1c98-5d48-4431-bf9e-3688c981d287 ==============================
[0m10:27:38.764533 [info ] [MainThread]: Running with dbt=1.10.15
[0m10:27:38.765519 [debug] [MainThread]: running dbt with arguments {'log_format': 'default', 'profiles_dir': 'C:\\Users\\lucas\\.dbt', 'static_parser': 'True', 'use_experimental_parser': 'False', 'indirect_selection': 'eager', 'write_json': 'True', 'log_cache_events': 'False', 'invocation_command': 'dbt init dbtv1', 'introspect': 'True', 'printer_width': '80', 'quiet': 'False', 'target_path': 'None', 'fail_fast': 'False', 'send_anonymous_usage_stats': 'True', 'debug': 'False', 'log_path': 'logs', 'partial_parse': 'True', 'version_check': 'True', 'no_print': 'None', 'warn_error': 'None', 'empty': 'None', 'cache_selected_only': 'False', 'use_colors': 'True', 'warn_error_options': 'WarnErrorOptionsV2(error=[], warn=[], silence=[])'}
[0m10:27:38.790463 [debug] [MainThread]: Starter project path: C:\Users\lucas\.conda\envs\dbtv1\lib\site-packages\dbt\include\starter_project
[0m10:27:38.808086 [info ] [MainThread]: 
Your new dbt project "dbtv1" was created!

For more information on how to configure the profiles.yml file,
please consult the dbt documentation here:

  https://docs.getdbt.com/docs/configure-your-profile

One more thing:

Need help? Don't hesitate to reach out to us via GitHub issues or on Slack:

  https://community.getdbt.com/

Happy modeling!

[0m10:27:38.809087 [info ] [MainThread]: Setting up your profile.
[0m10:29:22.766515 [error] [MainThread]: Encountered an error:

[0m10:29:22.769514 [error] [MainThread]: Traceback (most recent call last):
  File "C:\Users\lucas\.conda\envs\dbtv1\lib\site-packages\dbt\cli\requires.py", line 178, in wrapper
    result, success = func(*args, **kwargs)
  File "C:\Users\lucas\.conda\envs\dbtv1\lib\site-packages\dbt\cli\requires.py", line 128, in wrapper
    return func(*args, **kwargs)
  File "C:\Users\lucas\.conda\envs\dbtv1\lib\site-packages\dbt\cli\main.py", line 483, in init
    results = task.run()
  File "C:\Users\lucas\.conda\envs\dbtv1\lib\site-packages\dbt\task\init.py", line 346, in run
    self.setup_profile(profile_name)
  File "C:\Users\lucas\.conda\envs\dbtv1\lib\site-packages\dbt\task\init.py", line 262, in setup_profile
    self.create_profile_from_target(adapter, profile_name=profile_name)
  File "C:\Users\lucas\.conda\envs\dbtv1\lib\site-packages\dbt\task\init.py", line 179, in create_profile_from_target
    self.create_profile_from_profile_template(profile_template, profile_name)
  File "C:\Users\lucas\.conda\envs\dbtv1\lib\site-packages\dbt\task\init.py", line 163, in create_profile_from_profile_template
    target = self.generate_target_from_input(prompts, initial_target)
  File "C:\Users\lucas\.conda\envs\dbtv1\lib\site-packages\dbt\task\init.py", line 129, in generate_target_from_input
    target[key] = click.prompt(
  File "C:\Users\lucas\.conda\envs\dbtv1\lib\site-packages\click\termui.py", line 164, in prompt
    value = prompt_func(prompt)
  File "C:\Users\lucas\.conda\envs\dbtv1\lib\site-packages\click\termui.py", line 147, in prompt_func
    raise Abort() from None
click.exceptions.Abort

[0m10:29:22.770515 [debug] [MainThread]: Command `dbt init` failed at 10:29:22.770515 after 104.13 seconds
[0m10:29:22.771514 [debug] [MainThread]: Sending event: {'category': 'dbt', 'action': 'invocation', 'label': 'end', 'context': [<snowplow_tracker.self_describing_json.SelfDescribingJson object at 0x000002736E81F4F0>, <snowplow_tracker.self_describing_json.SelfDescribingJson object at 0x0000027370A6CD90>, <snowplow_tracker.self_describing_json.SelfDescribingJson object at 0x000002730993A1C0>]}
[0m10:29:22.771514 [debug] [MainThread]: Flushing usage events
[0m10:29:24.092951 [debug] [MainThread]: An error was encountered while trying to flush usage events
[0m10:29:34.627397 [debug] [MainThread]: Sending event: {'category': 'dbt', 'action': 'invocation', 'label': 'start', 'context': [<snowplow_tracker.self_describing_json.SelfDescribingJson object at 0x000002483B0BF520>, <snowplow_tracker.self_describing_json.SelfDescribingJson object at 0x000002483D362C40>, <snowplow_tracker.self_describing_json.SelfDescribingJson object at 0x000002483D362EE0>]}


============================== 10:29:34.633916 | 13972f6a-470a-42da-a371-4db4ec3c57b7 ==============================
[0m10:29:34.633916 [info ] [MainThread]: Running with dbt=1.10.15
[0m10:29:34.635928 [debug] [MainThread]: running dbt with arguments {'static_parser': 'True', 'profiles_dir': 'C:\\Users\\lucas\\.dbt', 'log_format': 'default', 'use_experimental_parser': 'False', 'indirect_selection': 'eager', 'write_json': 'True', 'invocation_command': 'dbt init dbtv1', 'log_cache_events': 'False', 'introspect': 'True', 'printer_width': '80', 'quiet': 'False', 'target_path': 'None', 'fail_fast': 'False', 'send_anonymous_usage_stats': 'True', 'debug': 'False', 'log_path': 'logs', 'partial_parse': 'True', 'warn_error': 'None', 'no_print': 'None', 'version_check': 'True', 'empty': 'None', 'use_colors': 'True', 'cache_selected_only': 'False', 'warn_error_options': 'WarnErrorOptionsV2(error=[], warn=[], silence=[])'}
[0m10:29:34.688212 [debug] [MainThread]: Starter project path: C:\Users\lucas\.conda\envs\dbtv1\lib\site-packages\dbt\include\starter_project
[0m10:29:34.714093 [info ] [MainThread]: 
Your new dbt project "dbtv1" was created!

For more information on how to configure the profiles.yml file,
please consult the dbt documentation here:

  https://docs.getdbt.com/docs/configure-your-profile

One more thing:

Need help? Don't hesitate to reach out to us via GitHub issues or on Slack:

  https://community.getdbt.com/

Happy modeling!

[0m10:29:34.716104 [info ] [MainThread]: Setting up your profile.
[0m10:31:13.687758 [info ] [MainThread]: Profile dbtv1 written to C:\Users\lucas\.dbt\profiles.yml using target's profile_template.yml and your supplied values. Run 'dbt debug' to validate the connection.
[0m10:31:13.689751 [debug] [MainThread]: Command `dbt init` succeeded at 10:31:13.689751 after 99.17 seconds
[0m10:31:13.690738 [debug] [MainThread]: Sending event: {'category': 'dbt', 'action': 'invocation', 'label': 'end', 'context': [<snowplow_tracker.self_describing_json.SelfDescribingJson object at 0x000002483B0BF520>, <snowplow_tracker.self_describing_json.SelfDescribingJson object at 0x000002483D30FA30>, <snowplow_tracker.self_describing_json.SelfDescribingJson object at 0x000002483D30FDF0>]}
[0m10:31:13.691740 [debug] [MainThread]: Flushing usage events
[0m10:31:14.878324 [debug] [MainThread]: An error was encountered while trying to flush usage events
[0m10:31:31.142872 [debug] [MainThread]: Sending event: {'category': 'dbt', 'action': 'invocation', 'label': 'start', 'context': [<snowplow_tracker.self_describing_json.SelfDescribingJson object at 0x000001FD3323F580>, <snowplow_tracker.self_describing_json.SelfDescribingJson object at 0x000001FD354E1D00>, <snowplow_tracker.self_describing_json.SelfDescribingJson object at 0x000001FD354E1F40>]}


============================== 10:31:31.147876 | 5d7846c3-e88c-4c03-9c07-fac00b36af3e ==============================
[0m10:31:31.147876 [info ] [MainThread]: Running with dbt=1.10.15
[0m10:31:31.148880 [debug] [MainThread]: running dbt with arguments {'log_format': 'default', 'profiles_dir': 'C:\\Users\\lucas\\.dbt', 'static_parser': 'True', 'use_experimental_parser': 'False', 'printer_width': '80', 'write_json': 'True', 'log_cache_events': 'False', 'indirect_selection': 'eager', 'introspect': 'True', 'invocation_command': 'dbt debug', 'quiet': 'False', 'send_anonymous_usage_stats': 'True', 'fail_fast': 'False', 'target_path': 'None', 'debug': 'False', 'log_path': 'logs', 'partial_parse': 'True', 'version_check': 'True', 'no_print': 'None', 'warn_error': 'None', 'empty': 'None', 'use_colors': 'True', 'cache_selected_only': 'False', 'warn_error_options': 'WarnErrorOptionsV2(error=[], warn=[], silence=[])'}
[0m10:31:31.174505 [info ] [MainThread]: dbt version: 1.10.15
[0m10:31:31.176491 [info ] [MainThread]: python version: 3.9.25
[0m10:31:31.177491 [info ] [MainThread]: python path: C:\Users\lucas\.conda\envs\dbtv1\python.exe
[0m10:31:31.178502 [info ] [MainThread]: os info: Windows-10-10.0.26200-SP0
[0m10:31:32.350826 [info ] [MainThread]: Using profiles dir at C:\Users\lucas\.dbt
[0m10:31:32.351822 [info ] [MainThread]: Using profiles.yml file at C:\Users\lucas\.dbt\profiles.yml
[0m10:31:32.353154 [info ] [MainThread]: Using dbt_project.yml file at C:\Users\lucas\OneDrive\Desktop\fivetran_udemy\dbt\dbtv1\dbt_project.yml
[0m10:31:32.355155 [info ] [MainThread]: adapter type: snowflake
[0m10:31:32.356702 [info ] [MainThread]: adapter version: 1.10.2
[0m10:31:32.357764 [info ] [MainThread]: Configuration:
[0m10:31:32.357764 [info ] [MainThread]:   profiles.yml file [[32mOK found and valid[0m]
[0m10:31:32.358765 [info ] [MainThread]:   dbt_project.yml file [[31mERROR not found[0m]
[0m10:31:32.358765 [info ] [MainThread]: Required dependencies:
[0m10:31:32.359766 [debug] [MainThread]: Executing "git --help"
[0m10:31:32.430008 [debug] [MainThread]: STDOUT: "b"usage: git [-v | --version] [-h | --help] [-C <path>] [-c <name>=<value>]\n           [--exec-path[=<path>]] [--html-path] [--man-path] [--info-path]\n           [-p | --paginate | -P | --no-pager] [--no-replace-objects] [--bare]\n           [--git-dir=<path>] [--work-tree=<path>] [--namespace=<name>]\n           [--super-prefix=<path>] [--config-env=<name>=<envvar>]\n           <command> [<args>]\n\nThese are common Git commands used in various situations:\n\nstart a working area (see also: git help tutorial)\n   clone     Clone a repository into a new directory\n   init      Create an empty Git repository or reinitialize an existing one\n\nwork on the current change (see also: git help everyday)\n   add       Add file contents to the index\n   mv        Move or rename a file, a directory, or a symlink\n   restore   Restore working tree files\n   rm        Remove files from the working tree and from the index\n\nexamine the history and state (see also: git help revisions)\n   bisect    Use binary search to find the commit that introduced a bug\n   diff      Show changes between commits, commit and working tree, etc\n   grep      Print lines matching a pattern\n   log       Show commit logs\n   show      Show various types of objects\n   status    Show the working tree status\n\ngrow, mark and tweak your common history\n   branch    List, create, or delete branches\n   commit    Record changes to the repository\n   merge     Join two or more development histories together\n   rebase    Reapply commits on top of another base tip\n   reset     Reset current HEAD to the specified state\n   switch    Switch branches\n   tag       Create, list, delete or verify a tag object signed with GPG\n\ncollaborate (see also: git help workflows)\n   fetch     Download objects and refs from another repository\n   pull      Fetch from and integrate with another repository or a local branch\n   push      Update remote refs along with associated objects\n\n'git help -a' and 'git help -g' list available subcommands and some\nconcept guides. See 'git help <command>' or 'git help <concept>'\nto read about a specific subcommand or concept.\nSee 'git help git' for an overview of the system.\n""
[0m10:31:32.431257 [debug] [MainThread]: STDERR: "b''"
[0m10:31:32.431257 [info ] [MainThread]:  - git [[32mOK found[0m]

[0m10:31:32.433786 [info ] [MainThread]: Connection:
[0m10:31:32.434778 [info ] [MainThread]:   account: SKFJLFZ-MPB45929.snowflakecomputing.com
[0m10:31:32.434778 [info ] [MainThread]:   user: JIAN663
[0m10:31:32.435777 [info ] [MainThread]:   database: FIVETRAN_DB
[0m10:31:32.435777 [info ] [MainThread]:   warehouse: FIVETRAN_WH
[0m10:31:32.435777 [info ] [MainThread]:   role: ACCOUNTADMIN
[0m10:31:32.436782 [info ] [MainThread]:   schema: FIVETRAN_SCHEMA
[0m10:31:32.436782 [info ] [MainThread]:   authenticator: None
[0m10:31:32.437783 [info ] [MainThread]:   oauth_client_id: None
[0m10:31:32.438779 [info ] [MainThread]:   query_tag: None
[0m10:31:32.439635 [info ] [MainThread]:   client_session_keep_alive: False
[0m10:31:32.440646 [info ] [MainThread]:   host: None
[0m10:31:32.440646 [info ] [MainThread]:   port: None
[0m10:31:32.442134 [info ] [MainThread]:   proxy_host: None
[0m10:31:32.442648 [info ] [MainThread]:   proxy_port: None
[0m10:31:32.443162 [info ] [MainThread]:   protocol: None
[0m10:31:32.444166 [info ] [MainThread]:   connect_retries: 1
[0m10:31:32.444673 [info ] [MainThread]:   connect_timeout: None
[0m10:31:32.445178 [info ] [MainThread]:   retry_on_database_errors: False
[0m10:31:32.446185 [info ] [MainThread]:   retry_all: False
[0m10:31:32.446185 [info ] [MainThread]:   insecure_mode: False
[0m10:31:32.447497 [info ] [MainThread]:   reuse_connections: True
[0m10:31:32.447497 [info ] [MainThread]:   s3_stage_vpce_dns_name: None
[0m10:31:32.449095 [info ] [MainThread]: Registered adapter: snowflake=1.10.2
[0m10:31:32.929009 [debug] [MainThread]: Acquiring new snowflake connection 'debug'
[0m10:31:36.936913 [debug] [MainThread]: Using snowflake connection "debug"
[0m10:31:36.937680 [debug] [MainThread]: On debug: select 1 as id
[0m10:31:36.938689 [debug] [MainThread]: Opening a new connection, currently in state init
[0m10:31:41.325517 [debug] [MainThread]: Snowflake adapter: Error running SQL: select 1 as id
[0m10:31:41.326524 [debug] [MainThread]: Snowflake adapter: Rolling back transaction.
[0m10:31:41.327856 [info ] [MainThread]:   Connection test: [[31mERROR[0m]

[0m10:31:41.328857 [info ] [MainThread]: [31m2 checks failed:[0m
[0m10:31:41.328857 [info ] [MainThread]: Project loading failed for the following reason:
 project path <C:\Users\lucas\OneDrive\Desktop\fivetran_udemy\dbt\dbtv1\dbt_project.yml> not found

[0m10:31:41.329857 [info ] [MainThread]: dbt was unable to connect to the specified database.
The database returned the following error:

  >Database Error
  290404 (08001): 404 Not Found: post SKFJLFZ-MPB45929.snowflakecomputing.com.snowflakecomputing.com:443/session/v1/login-request

Check your database credentials and try again. For more information, visit:
https://docs.getdbt.com/docs/configure-your-profile


[0m10:31:41.330856 [debug] [MainThread]: Command `dbt debug` failed at 10:31:41.330856 after 10.29 seconds
[0m10:31:41.330856 [debug] [MainThread]: Connection 'debug' was left open.
[0m10:31:41.332094 [debug] [MainThread]: On debug: No close available on handle
[0m10:31:41.332656 [debug] [MainThread]: Sending event: {'category': 'dbt', 'action': 'invocation', 'label': 'end', 'context': [<snowplow_tracker.self_describing_json.SelfDescribingJson object at 0x000001FD3323F580>, <snowplow_tracker.self_describing_json.SelfDescribingJson object at 0x000001FD4E889CD0>, <snowplow_tracker.self_describing_json.SelfDescribingJson object at 0x000001FD4E9321C0>]}
[0m10:31:41.332656 [debug] [MainThread]: Flushing usage events
[0m10:31:42.470350 [debug] [MainThread]: An error was encountered while trying to flush usage events
